This file contains any messages produced by compilers while
running configure, to aid debugging if configure makes a mistake.

It was created by mcperf configure 0.1.1, which was
generated by GNU Autoconf 2.64.  Invocation command line was

  $ ./configure 

## --------- ##
## Platform. ##
## --------- ##

hostname = sense-dhcp-4.dmst.aueb.gr
uname -m = x86_64
uname -r = 5.0.9-100.fc28.x86_64
uname -s = Linux
uname -v = #1 SMP Mon Apr 22 02:13:09 UTC 2019

/usr/bin/uname -p = x86_64
/bin/uname -X     = unknown

/bin/arch              = x86_64
/usr/bin/arch -k       = unknown
/usr/convex/getsysinfo = unknown
/usr/bin/hostinfo      = unknown
/bin/machine           = unknown
/usr/bin/oslevel       = unknown
/bin/universe          = unknown

PATH: /home/sgeorgiou/.jsvu
PATH: /home/sgeorgiou/GitHub/Rest_and_RPC_research/tasks/go/bin
PATH: /usr/local/go//bin
PATH: /home/sgeorgiou/.jsvu
PATH: /home/sgeorgiou/GitHub/Rest_and_RPC_research/tasks/go/bin
PATH: /usr/local/go//bin
PATH: /usr/share/Modules/bin
PATH: /usr/lib64/ccache
PATH: /usr/local/bin
PATH: /usr/local/sbin
PATH: /usr/bin
PATH: /usr/sbin
PATH: /home/sgeorgiou/.composer/vendor/bin
PATH: /home/sgeorgiou/.dotnet/tools
PATH: /home/sgeorgiou/.local/bin/
PATH: /home/sgeorgiou/bin
PATH: /usr/bin
PATH: /home/sgeorgiou/.dotnet/tools
PATH: /home/sgeorgiou/.config/composer/vendor/bin
PATH: /home/sgeorgiou/.local/bin
PATH: /home/sgeorgiou/bin
PATH: /home/sgeorgiou/.local/bin/
PATH: /home/sgeorgiou/bin
PATH: /usr/bin
PATH: /home/sgeorgiou/.dotnet/tools
PATH: /home/sgeorgiou/.config/composer/vendor/bin


## ----------- ##
## Core tests. ##
## ----------- ##

configure:2331: checking for a BSD-compatible install
configure:2399: result: /usr/bin/install -c
configure:2410: checking whether build environment is sane
configure:2460: result: yes
configure:2601: checking for a thread-safe mkdir -p
configure:2640: result: /usr/bin/mkdir -p
configure:2653: checking for gawk
configure:2669: found /usr/bin/gawk
configure:2680: result: gawk
configure:2691: checking whether make sets $(MAKE)
configure:2713: result: yes
configure:2821: checking for gawk
configure:2848: result: gawk
configure:2907: checking for gcc
configure:2923: found /usr/lib64/ccache/gcc
configure:2934: result: gcc
configure:3163: checking for C compiler version
configure:3172: gcc --version >&5
gcc (GCC) 8.3.1 20190223 (Red Hat 8.3.1-2)
Copyright (C) 2018 Free Software Foundation, Inc.
This is free software; see the source for copying conditions.  There is NO
warranty; not even for MERCHANTABILITY or FITNESS FOR A PARTICULAR PURPOSE.

configure:3183: $? = 0
configure:3172: gcc -v >&5
Using built-in specs.
COLLECT_GCC=/usr/bin/gcc
COLLECT_LTO_WRAPPER=/usr/libexec/gcc/x86_64-redhat-linux/8/lto-wrapper
OFFLOAD_TARGET_NAMES=nvptx-none
OFFLOAD_TARGET_DEFAULT=1
Target: x86_64-redhat-linux
Configured with: ../configure --enable-bootstrap --enable-languages=c,c++,fortran,objc,obj-c++,ada,go,lto --prefix=/usr --mandir=/usr/share/man --infodir=/usr/share/info --with-bugurl=http://bugzilla.redhat.com/bugzilla --enable-shared --enable-threads=posix --enable-checking=release --enable-multilib --with-system-zlib --enable-__cxa_atexit --disable-libunwind-exceptions --enable-gnu-unique-object --enable-linker-build-id --with-gcc-major-version-only --with-linker-hash-style=gnu --enable-plugin --enable-initfini-array --with-isl --enable-libmpx --enable-offload-targets=nvptx-none --without-cuda-driver --enable-gnu-indirect-function --enable-cet --with-tune=generic --with-arch_32=i686 --build=x86_64-redhat-linux
Thread model: posix
gcc version 8.3.1 20190223 (Red Hat 8.3.1-2) (GCC) 
configure:3183: $? = 0
configure:3172: gcc -V >&5
gcc: error: unrecognized command line option '-V'
gcc: fatal error: no input files
compilation terminated.
configure:3183: $? = 1
configure:3172: gcc -qversion >&5
gcc: error: unrecognized command line option '-qversion'; did you mean '--version'?
gcc: fatal error: no input files
compilation terminated.
configure:3183: $? = 1
configure:3205: checking for C compiler default output file name
configure:3227: gcc    conftest.c  >&5
configure:3231: $? = 0
configure:3268: result: a.out
configure:3284: checking whether the C compiler works
configure:3293: ./a.out
configure:3297: $? = 0
configure:3312: result: yes
configure:3319: checking whether we are cross compiling
configure:3321: result: no
configure:3324: checking for suffix of executables
configure:3331: gcc -o conftest    conftest.c  >&5
configure:3335: $? = 0
configure:3357: result: 
configure:3363: checking for suffix of object files
configure:3385: gcc -c   conftest.c >&5
configure:3389: $? = 0
configure:3410: result: o
configure:3414: checking whether we are using the GNU C compiler
configure:3433: gcc -c   conftest.c >&5
configure:3433: $? = 0
configure:3442: result: yes
configure:3451: checking whether gcc accepts -g
configure:3471: gcc -c -g  conftest.c >&5
configure:3471: $? = 0
configure:3512: result: yes
configure:3529: checking for gcc option to accept ISO C89
configure:3593: gcc  -c -g -O2  conftest.c >&5
configure:3593: $? = 0
configure:3606: result: none needed
configure:3637: checking for style of include used by make
configure:3665: result: GNU
configure:3690: checking dependency style of gcc
configure:3800: result: gcc3
configure:3820: checking how to run the C preprocessor
configure:3851: gcc -E  conftest.c
configure:3851: $? = 0
configure:3865: gcc -E  conftest.c
conftest.c:15:10: fatal error: ac_nonexistent.h: No such file or directory
 #include <ac_nonexistent.h>
          ^~~~~~~~~~~~~~~~~~
compilation terminated.
configure:3865: $? = 1
configure: failed program was:
| /* confdefs.h */
| #define PACKAGE_NAME "mcperf"
| #define PACKAGE_TARNAME "mcperf"
| #define PACKAGE_VERSION "0.1.1"
| #define PACKAGE_STRING "mcperf 0.1.1"
| #define PACKAGE_BUGREPORT "manj@twitter.com"
| #define PACKAGE_URL ""
| #define PACKAGE "mcperf"
| #define VERSION "0.1.1"
| #define MCP_VERSION_MAJOR 0
| #define MCP_VERSION_MINOR 1
| #define MCP_VERSION_PATCH 1
| #define MCP_VERSION_STRING "0.1.1"
| /* end confdefs.h.  */
| #include <ac_nonexistent.h>
configure:3890: result: gcc -E
configure:3910: gcc -E  conftest.c
configure:3910: $? = 0
configure:3924: gcc -E  conftest.c
conftest.c:15:10: fatal error: ac_nonexistent.h: No such file or directory
 #include <ac_nonexistent.h>
          ^~~~~~~~~~~~~~~~~~
compilation terminated.
configure:3924: $? = 1
configure: failed program was:
| /* confdefs.h */
| #define PACKAGE_NAME "mcperf"
| #define PACKAGE_TARNAME "mcperf"
| #define PACKAGE_VERSION "0.1.1"
| #define PACKAGE_STRING "mcperf 0.1.1"
| #define PACKAGE_BUGREPORT "manj@twitter.com"
| #define PACKAGE_URL ""
| #define PACKAGE "mcperf"
| #define VERSION "0.1.1"
| #define MCP_VERSION_MAJOR 0
| #define MCP_VERSION_MINOR 1
| #define MCP_VERSION_PATCH 1
| #define MCP_VERSION_STRING "0.1.1"
| /* end confdefs.h.  */
| #include <ac_nonexistent.h>
configure:3953: checking whether ln -s works
configure:3957: result: yes
configure:3964: checking whether make sets $(MAKE)
configure:3986: result: yes
configure:4038: checking for ranlib
configure:4054: found /usr/bin/ranlib
configure:4065: result: ranlib
configure:4090: checking for inline
configure:4106: gcc -c -g -O2  conftest.c >&5
configure:4106: $? = 0
configure:4114: result: inline
configure:4133: checking for grep that handles long lines and -e
configure:4191: result: /usr/bin/grep
configure:4196: checking for egrep
configure:4258: result: /usr/bin/grep -E
configure:4263: checking for ANSI C header files
configure:4283: gcc -c -g -O2  conftest.c >&5
configure:4283: $? = 0
configure:4356: gcc -o conftest -g -O2   conftest.c  >&5
configure:4356: $? = 0
configure:4356: ./conftest
configure:4356: $? = 0
configure:4367: result: yes
configure:4380: checking for sys/types.h
configure:4380: gcc -c -g -O2  conftest.c >&5
configure:4380: $? = 0
configure:4380: result: yes
configure:4380: checking for sys/stat.h
configure:4380: gcc -c -g -O2  conftest.c >&5
configure:4380: $? = 0
configure:4380: result: yes
configure:4380: checking for stdlib.h
configure:4380: gcc -c -g -O2  conftest.c >&5
configure:4380: $? = 0
configure:4380: result: yes
configure:4380: checking for string.h
configure:4380: gcc -c -g -O2  conftest.c >&5
configure:4380: $? = 0
configure:4380: result: yes
configure:4380: checking for memory.h
configure:4380: gcc -c -g -O2  conftest.c >&5
configure:4380: $? = 0
configure:4380: result: yes
configure:4380: checking for strings.h
configure:4380: gcc -c -g -O2  conftest.c >&5
configure:4380: $? = 0
configure:4380: result: yes
configure:4380: checking for inttypes.h
configure:4380: gcc -c -g -O2  conftest.c >&5
configure:4380: $? = 0
configure:4380: result: yes
configure:4380: checking for stdint.h
configure:4380: gcc -c -g -O2  conftest.c >&5
configure:4380: $? = 0
configure:4380: result: yes
configure:4380: checking for unistd.h
configure:4380: gcc -c -g -O2  conftest.c >&5
configure:4380: $? = 0
configure:4380: result: yes
configure:4393: checking for int8_t
configure:4393: gcc -c -g -O2  conftest.c >&5
configure:4393: $? = 0
configure:4393: gcc -c -g -O2  conftest.c >&5
conftest.c: In function 'main':
conftest.c:61:12: error: size of array 'test_array' is negative
 static int test_array [1 - 2 * !((int8_t) ((((int8_t) 1 << (8 - 2)) - 1) * 2 + 1)
            ^~~~~~~~~~
configure:4393: $? = 1
configure: failed program was:
| /* confdefs.h */
| #define PACKAGE_NAME "mcperf"
| #define PACKAGE_TARNAME "mcperf"
| #define PACKAGE_VERSION "0.1.1"
| #define PACKAGE_STRING "mcperf 0.1.1"
| #define PACKAGE_BUGREPORT "manj@twitter.com"
| #define PACKAGE_URL ""
| #define PACKAGE "mcperf"
| #define VERSION "0.1.1"
| #define MCP_VERSION_MAJOR 0
| #define MCP_VERSION_MINOR 1
| #define MCP_VERSION_PATCH 1
| #define MCP_VERSION_STRING "0.1.1"
| #define STDC_HEADERS 1
| #define HAVE_SYS_TYPES_H 1
| #define HAVE_SYS_STAT_H 1
| #define HAVE_STDLIB_H 1
| #define HAVE_STRING_H 1
| #define HAVE_MEMORY_H 1
| #define HAVE_STRINGS_H 1
| #define HAVE_INTTYPES_H 1
| #define HAVE_STDINT_H 1
| #define HAVE_UNISTD_H 1
| /* end confdefs.h.  */
| #include <stdio.h>
| #ifdef HAVE_SYS_TYPES_H
| # include <sys/types.h>
| #endif
| #ifdef HAVE_SYS_STAT_H
| # include <sys/stat.h>
| #endif
| #ifdef STDC_HEADERS
| # include <stdlib.h>
| # include <stddef.h>
| #else
| # ifdef HAVE_STDLIB_H
| #  include <stdlib.h>
| # endif
| #endif
| #ifdef HAVE_STRING_H
| # if !defined STDC_HEADERS && defined HAVE_MEMORY_H
| #  include <memory.h>
| # endif
| # include <string.h>
| #endif
| #ifdef HAVE_STRINGS_H
| # include <strings.h>
| #endif
| #ifdef HAVE_INTTYPES_H
| # include <inttypes.h>
| #endif
| #ifdef HAVE_STDINT_H
| # include <stdint.h>
| #endif
| #ifdef HAVE_UNISTD_H
| # include <unistd.h>
| #endif
| int
| main ()
| {
| static int test_array [1 - 2 * !((int8_t) ((((int8_t) 1 << (8 - 2)) - 1) * 2 + 1)
| 		 < (int8_t) ((((int8_t) 1 << (8 - 2)) - 1) * 2 + 2))];
| test_array [0] = 0
| 
|   ;
|   return 0;
| }
configure:4393: result: yes
configure:4404: checking for int16_t
configure:4404: gcc -c -g -O2  conftest.c >&5
configure:4404: $? = 0
configure:4404: gcc -c -g -O2  conftest.c >&5
conftest.c: In function 'main':
conftest.c:61:12: error: size of array 'test_array' is negative
 static int test_array [1 - 2 * !((int16_t) ((((int16_t) 1 << (16 - 2)) - 1) * 2 + 1)
            ^~~~~~~~~~
configure:4404: $? = 1
configure: failed program was:
| /* confdefs.h */
| #define PACKAGE_NAME "mcperf"
| #define PACKAGE_TARNAME "mcperf"
| #define PACKAGE_VERSION "0.1.1"
| #define PACKAGE_STRING "mcperf 0.1.1"
| #define PACKAGE_BUGREPORT "manj@twitter.com"
| #define PACKAGE_URL ""
| #define PACKAGE "mcperf"
| #define VERSION "0.1.1"
| #define MCP_VERSION_MAJOR 0
| #define MCP_VERSION_MINOR 1
| #define MCP_VERSION_PATCH 1
| #define MCP_VERSION_STRING "0.1.1"
| #define STDC_HEADERS 1
| #define HAVE_SYS_TYPES_H 1
| #define HAVE_SYS_STAT_H 1
| #define HAVE_STDLIB_H 1
| #define HAVE_STRING_H 1
| #define HAVE_MEMORY_H 1
| #define HAVE_STRINGS_H 1
| #define HAVE_INTTYPES_H 1
| #define HAVE_STDINT_H 1
| #define HAVE_UNISTD_H 1
| /* end confdefs.h.  */
| #include <stdio.h>
| #ifdef HAVE_SYS_TYPES_H
| # include <sys/types.h>
| #endif
| #ifdef HAVE_SYS_STAT_H
| # include <sys/stat.h>
| #endif
| #ifdef STDC_HEADERS
| # include <stdlib.h>
| # include <stddef.h>
| #else
| # ifdef HAVE_STDLIB_H
| #  include <stdlib.h>
| # endif
| #endif
| #ifdef HAVE_STRING_H
| # if !defined STDC_HEADERS && defined HAVE_MEMORY_H
| #  include <memory.h>
| # endif
| # include <string.h>
| #endif
| #ifdef HAVE_STRINGS_H
| # include <strings.h>
| #endif
| #ifdef HAVE_INTTYPES_H
| # include <inttypes.h>
| #endif
| #ifdef HAVE_STDINT_H
| # include <stdint.h>
| #endif
| #ifdef HAVE_UNISTD_H
| # include <unistd.h>
| #endif
| int
| main ()
| {
| static int test_array [1 - 2 * !((int16_t) ((((int16_t) 1 << (16 - 2)) - 1) * 2 + 1)
| 		 < (int16_t) ((((int16_t) 1 << (16 - 2)) - 1) * 2 + 2))];
| test_array [0] = 0
| 
|   ;
|   return 0;
| }
configure:4404: result: yes
configure:4415: checking for int32_t
configure:4415: gcc -c -g -O2  conftest.c >&5
configure:4415: $? = 0
configure:4415: gcc -c -g -O2  conftest.c >&5
conftest.c: In function 'main':
conftest.c:62:53: warning: integer overflow in expression of type 'int' results in '-2147483648' [-Woverflow]
    < (int32_t) ((((int32_t) 1 << (32 - 2)) - 1) * 2 + 2))];
                                                     ^
conftest.c:61:12: error: storage size of 'test_array' isn't constant
 static int test_array [1 - 2 * !((int32_t) ((((int32_t) 1 << (32 - 2)) - 1) * 2 + 1)
            ^~~~~~~~~~
configure:4415: $? = 1
configure: failed program was:
| /* confdefs.h */
| #define PACKAGE_NAME "mcperf"
| #define PACKAGE_TARNAME "mcperf"
| #define PACKAGE_VERSION "0.1.1"
| #define PACKAGE_STRING "mcperf 0.1.1"
| #define PACKAGE_BUGREPORT "manj@twitter.com"
| #define PACKAGE_URL ""
| #define PACKAGE "mcperf"
| #define VERSION "0.1.1"
| #define MCP_VERSION_MAJOR 0
| #define MCP_VERSION_MINOR 1
| #define MCP_VERSION_PATCH 1
| #define MCP_VERSION_STRING "0.1.1"
| #define STDC_HEADERS 1
| #define HAVE_SYS_TYPES_H 1
| #define HAVE_SYS_STAT_H 1
| #define HAVE_STDLIB_H 1
| #define HAVE_STRING_H 1
| #define HAVE_MEMORY_H 1
| #define HAVE_STRINGS_H 1
| #define HAVE_INTTYPES_H 1
| #define HAVE_STDINT_H 1
| #define HAVE_UNISTD_H 1
| /* end confdefs.h.  */
| #include <stdio.h>
| #ifdef HAVE_SYS_TYPES_H
| # include <sys/types.h>
| #endif
| #ifdef HAVE_SYS_STAT_H
| # include <sys/stat.h>
| #endif
| #ifdef STDC_HEADERS
| # include <stdlib.h>
| # include <stddef.h>
| #else
| # ifdef HAVE_STDLIB_H
| #  include <stdlib.h>
| # endif
| #endif
| #ifdef HAVE_STRING_H
| # if !defined STDC_HEADERS && defined HAVE_MEMORY_H
| #  include <memory.h>
| # endif
| # include <string.h>
| #endif
| #ifdef HAVE_STRINGS_H
| # include <strings.h>
| #endif
| #ifdef HAVE_INTTYPES_H
| # include <inttypes.h>
| #endif
| #ifdef HAVE_STDINT_H
| # include <stdint.h>
| #endif
| #ifdef HAVE_UNISTD_H
| # include <unistd.h>
| #endif
| int
| main ()
| {
| static int test_array [1 - 2 * !((int32_t) ((((int32_t) 1 << (32 - 2)) - 1) * 2 + 1)
| 		 < (int32_t) ((((int32_t) 1 << (32 - 2)) - 1) * 2 + 2))];
| test_array [0] = 0
| 
|   ;
|   return 0;
| }
configure:4415: result: yes
configure:4426: checking for int64_t
configure:4426: gcc -c -g -O2  conftest.c >&5
configure:4426: $? = 0
configure:4426: gcc -c -g -O2  conftest.c >&5
conftest.c: In function 'main':
conftest.c:62:53: warning: integer overflow in expression of type 'long int' results in '-9223372036854775808' [-Woverflow]
    < (int64_t) ((((int64_t) 1 << (64 - 2)) - 1) * 2 + 2))];
                                                     ^
conftest.c:61:12: error: storage size of 'test_array' isn't constant
 static int test_array [1 - 2 * !((int64_t) ((((int64_t) 1 << (64 - 2)) - 1) * 2 + 1)
            ^~~~~~~~~~
configure:4426: $? = 1
configure: failed program was:
| /* confdefs.h */
| #define PACKAGE_NAME "mcperf"
| #define PACKAGE_TARNAME "mcperf"
| #define PACKAGE_VERSION "0.1.1"
| #define PACKAGE_STRING "mcperf 0.1.1"
| #define PACKAGE_BUGREPORT "manj@twitter.com"
| #define PACKAGE_URL ""
| #define PACKAGE "mcperf"
| #define VERSION "0.1.1"
| #define MCP_VERSION_MAJOR 0
| #define MCP_VERSION_MINOR 1
| #define MCP_VERSION_PATCH 1
| #define MCP_VERSION_STRING "0.1.1"
| #define STDC_HEADERS 1
| #define HAVE_SYS_TYPES_H 1
| #define HAVE_SYS_STAT_H 1
| #define HAVE_STDLIB_H 1
| #define HAVE_STRING_H 1
| #define HAVE_MEMORY_H 1
| #define HAVE_STRINGS_H 1
| #define HAVE_INTTYPES_H 1
| #define HAVE_STDINT_H 1
| #define HAVE_UNISTD_H 1
| /* end confdefs.h.  */
| #include <stdio.h>
| #ifdef HAVE_SYS_TYPES_H
| # include <sys/types.h>
| #endif
| #ifdef HAVE_SYS_STAT_H
| # include <sys/stat.h>
| #endif
| #ifdef STDC_HEADERS
| # include <stdlib.h>
| # include <stddef.h>
| #else
| # ifdef HAVE_STDLIB_H
| #  include <stdlib.h>
| # endif
| #endif
| #ifdef HAVE_STRING_H
| # if !defined STDC_HEADERS && defined HAVE_MEMORY_H
| #  include <memory.h>
| # endif
| # include <string.h>
| #endif
| #ifdef HAVE_STRINGS_H
| # include <strings.h>
| #endif
| #ifdef HAVE_INTTYPES_H
| # include <inttypes.h>
| #endif
| #ifdef HAVE_STDINT_H
| # include <stdint.h>
| #endif
| #ifdef HAVE_UNISTD_H
| # include <unistd.h>
| #endif
| int
| main ()
| {
| static int test_array [1 - 2 * !((int64_t) ((((int64_t) 1 << (64 - 2)) - 1) * 2 + 1)
| 		 < (int64_t) ((((int64_t) 1 << (64 - 2)) - 1) * 2 + 2))];
| test_array [0] = 0
| 
|   ;
|   return 0;
| }
configure:4426: result: yes
configure:4438: checking for long long int
configure:4475: gcc -o conftest -g -O2   conftest.c  >&5
configure:4475: $? = 0
configure:4505: gcc -o conftest -g -O2   conftest.c  >&5
configure:4505: $? = 0
configure:4505: ./conftest
configure:4505: $? = 0
configure:4520: result: yes
configure:4530: checking for intmax_t
configure:4530: gcc -c -g -O2  conftest.c >&5
configure:4530: $? = 0
configure:4530: gcc -c -g -O2  conftest.c >&5
conftest.c: In function 'main':
conftest.c:62:23: error: expected expression before ')' token
 if (sizeof ((intmax_t)))
                       ^
configure:4530: $? = 1
configure: failed program was:
| /* confdefs.h */
| #define PACKAGE_NAME "mcperf"
| #define PACKAGE_TARNAME "mcperf"
| #define PACKAGE_VERSION "0.1.1"
| #define PACKAGE_STRING "mcperf 0.1.1"
| #define PACKAGE_BUGREPORT "manj@twitter.com"
| #define PACKAGE_URL ""
| #define PACKAGE "mcperf"
| #define VERSION "0.1.1"
| #define MCP_VERSION_MAJOR 0
| #define MCP_VERSION_MINOR 1
| #define MCP_VERSION_PATCH 1
| #define MCP_VERSION_STRING "0.1.1"
| #define STDC_HEADERS 1
| #define HAVE_SYS_TYPES_H 1
| #define HAVE_SYS_STAT_H 1
| #define HAVE_STDLIB_H 1
| #define HAVE_STRING_H 1
| #define HAVE_MEMORY_H 1
| #define HAVE_STRINGS_H 1
| #define HAVE_INTTYPES_H 1
| #define HAVE_STDINT_H 1
| #define HAVE_UNISTD_H 1
| #define HAVE_LONG_LONG_INT 1
| /* end confdefs.h.  */
| #include <stdio.h>
| #ifdef HAVE_SYS_TYPES_H
| # include <sys/types.h>
| #endif
| #ifdef HAVE_SYS_STAT_H
| # include <sys/stat.h>
| #endif
| #ifdef STDC_HEADERS
| # include <stdlib.h>
| # include <stddef.h>
| #else
| # ifdef HAVE_STDLIB_H
| #  include <stdlib.h>
| # endif
| #endif
| #ifdef HAVE_STRING_H
| # if !defined STDC_HEADERS && defined HAVE_MEMORY_H
| #  include <memory.h>
| # endif
| # include <string.h>
| #endif
| #ifdef HAVE_STRINGS_H
| # include <strings.h>
| #endif
| #ifdef HAVE_INTTYPES_H
| # include <inttypes.h>
| #endif
| #ifdef HAVE_STDINT_H
| # include <stdint.h>
| #endif
| #ifdef HAVE_UNISTD_H
| # include <unistd.h>
| #endif
| int
| main ()
| {
| if (sizeof ((intmax_t)))
| 	    return 0;
|   ;
|   return 0;
| }
configure:4530: result: yes
configure:4548: checking for intptr_t
configure:4548: gcc -c -g -O2  conftest.c >&5
configure:4548: $? = 0
configure:4548: gcc -c -g -O2  conftest.c >&5
conftest.c: In function 'main':
conftest.c:63:23: error: expected expression before ')' token
 if (sizeof ((intptr_t)))
                       ^
configure:4548: $? = 1
configure: failed program was:
| /* confdefs.h */
| #define PACKAGE_NAME "mcperf"
| #define PACKAGE_TARNAME "mcperf"
| #define PACKAGE_VERSION "0.1.1"
| #define PACKAGE_STRING "mcperf 0.1.1"
| #define PACKAGE_BUGREPORT "manj@twitter.com"
| #define PACKAGE_URL ""
| #define PACKAGE "mcperf"
| #define VERSION "0.1.1"
| #define MCP_VERSION_MAJOR 0
| #define MCP_VERSION_MINOR 1
| #define MCP_VERSION_PATCH 1
| #define MCP_VERSION_STRING "0.1.1"
| #define STDC_HEADERS 1
| #define HAVE_SYS_TYPES_H 1
| #define HAVE_SYS_STAT_H 1
| #define HAVE_STDLIB_H 1
| #define HAVE_STRING_H 1
| #define HAVE_MEMORY_H 1
| #define HAVE_STRINGS_H 1
| #define HAVE_INTTYPES_H 1
| #define HAVE_STDINT_H 1
| #define HAVE_UNISTD_H 1
| #define HAVE_LONG_LONG_INT 1
| #define HAVE_INTMAX_T 1
| /* end confdefs.h.  */
| #include <stdio.h>
| #ifdef HAVE_SYS_TYPES_H
| # include <sys/types.h>
| #endif
| #ifdef HAVE_SYS_STAT_H
| # include <sys/stat.h>
| #endif
| #ifdef STDC_HEADERS
| # include <stdlib.h>
| # include <stddef.h>
| #else
| # ifdef HAVE_STDLIB_H
| #  include <stdlib.h>
| # endif
| #endif
| #ifdef HAVE_STRING_H
| # if !defined STDC_HEADERS && defined HAVE_MEMORY_H
| #  include <memory.h>
| # endif
| # include <string.h>
| #endif
| #ifdef HAVE_STRINGS_H
| # include <strings.h>
| #endif
| #ifdef HAVE_INTTYPES_H
| # include <inttypes.h>
| #endif
| #ifdef HAVE_STDINT_H
| # include <stdint.h>
| #endif
| #ifdef HAVE_UNISTD_H
| # include <unistd.h>
| #endif
| int
| main ()
| {
| if (sizeof ((intptr_t)))
| 	    return 0;
|   ;
|   return 0;
| }
configure:4548: result: yes
configure:4582: checking for uint8_t
configure:4582: gcc -c -g -O2  conftest.c >&5
configure:4582: $? = 0
configure:4582: result: yes
configure:4596: checking for uint16_t
configure:4596: gcc -c -g -O2  conftest.c >&5
configure:4596: $? = 0
configure:4596: result: yes
configure:4608: checking for uint32_t
configure:4608: gcc -c -g -O2  conftest.c >&5
configure:4608: $? = 0
configure:4608: result: yes
configure:4622: checking for uint64_t
configure:4622: gcc -c -g -O2  conftest.c >&5
configure:4622: $? = 0
configure:4622: result: yes
configure:4637: checking for unsigned long long int
configure:4674: gcc -o conftest -g -O2   conftest.c  >&5
configure:4674: $? = 0
configure:4682: result: yes
configure:4692: checking for uintmax_t
configure:4692: gcc -c -g -O2  conftest.c >&5
configure:4692: $? = 0
configure:4692: gcc -c -g -O2  conftest.c >&5
conftest.c: In function 'main':
conftest.c:65:24: error: expected expression before ')' token
 if (sizeof ((uintmax_t)))
                        ^
configure:4692: $? = 1
configure: failed program was:
| /* confdefs.h */
| #define PACKAGE_NAME "mcperf"
| #define PACKAGE_TARNAME "mcperf"
| #define PACKAGE_VERSION "0.1.1"
| #define PACKAGE_STRING "mcperf 0.1.1"
| #define PACKAGE_BUGREPORT "manj@twitter.com"
| #define PACKAGE_URL ""
| #define PACKAGE "mcperf"
| #define VERSION "0.1.1"
| #define MCP_VERSION_MAJOR 0
| #define MCP_VERSION_MINOR 1
| #define MCP_VERSION_PATCH 1
| #define MCP_VERSION_STRING "0.1.1"
| #define STDC_HEADERS 1
| #define HAVE_SYS_TYPES_H 1
| #define HAVE_SYS_STAT_H 1
| #define HAVE_STDLIB_H 1
| #define HAVE_STRING_H 1
| #define HAVE_MEMORY_H 1
| #define HAVE_STRINGS_H 1
| #define HAVE_INTTYPES_H 1
| #define HAVE_STDINT_H 1
| #define HAVE_UNISTD_H 1
| #define HAVE_LONG_LONG_INT 1
| #define HAVE_INTMAX_T 1
| #define HAVE_INTPTR_T 1
| #define HAVE_UNSIGNED_LONG_LONG_INT 1
| /* end confdefs.h.  */
| #include <stdio.h>
| #ifdef HAVE_SYS_TYPES_H
| # include <sys/types.h>
| #endif
| #ifdef HAVE_SYS_STAT_H
| # include <sys/stat.h>
| #endif
| #ifdef STDC_HEADERS
| # include <stdlib.h>
| # include <stddef.h>
| #else
| # ifdef HAVE_STDLIB_H
| #  include <stdlib.h>
| # endif
| #endif
| #ifdef HAVE_STRING_H
| # if !defined STDC_HEADERS && defined HAVE_MEMORY_H
| #  include <memory.h>
| # endif
| # include <string.h>
| #endif
| #ifdef HAVE_STRINGS_H
| # include <strings.h>
| #endif
| #ifdef HAVE_INTTYPES_H
| # include <inttypes.h>
| #endif
| #ifdef HAVE_STDINT_H
| # include <stdint.h>
| #endif
| #ifdef HAVE_UNISTD_H
| # include <unistd.h>
| #endif
| int
| main ()
| {
| if (sizeof ((uintmax_t)))
| 	    return 0;
|   ;
|   return 0;
| }
configure:4692: result: yes
configure:4710: checking for uintptr_t
configure:4710: gcc -c -g -O2  conftest.c >&5
configure:4710: $? = 0
configure:4710: gcc -c -g -O2  conftest.c >&5
conftest.c: In function 'main':
conftest.c:66:24: error: expected expression before ')' token
 if (sizeof ((uintptr_t)))
                        ^
configure:4710: $? = 1
configure: failed program was:
| /* confdefs.h */
| #define PACKAGE_NAME "mcperf"
| #define PACKAGE_TARNAME "mcperf"
| #define PACKAGE_VERSION "0.1.1"
| #define PACKAGE_STRING "mcperf 0.1.1"
| #define PACKAGE_BUGREPORT "manj@twitter.com"
| #define PACKAGE_URL ""
| #define PACKAGE "mcperf"
| #define VERSION "0.1.1"
| #define MCP_VERSION_MAJOR 0
| #define MCP_VERSION_MINOR 1
| #define MCP_VERSION_PATCH 1
| #define MCP_VERSION_STRING "0.1.1"
| #define STDC_HEADERS 1
| #define HAVE_SYS_TYPES_H 1
| #define HAVE_SYS_STAT_H 1
| #define HAVE_STDLIB_H 1
| #define HAVE_STRING_H 1
| #define HAVE_MEMORY_H 1
| #define HAVE_STRINGS_H 1
| #define HAVE_INTTYPES_H 1
| #define HAVE_STDINT_H 1
| #define HAVE_UNISTD_H 1
| #define HAVE_LONG_LONG_INT 1
| #define HAVE_INTMAX_T 1
| #define HAVE_INTPTR_T 1
| #define HAVE_UNSIGNED_LONG_LONG_INT 1
| #define HAVE_UINTMAX_T 1
| /* end confdefs.h.  */
| #include <stdio.h>
| #ifdef HAVE_SYS_TYPES_H
| # include <sys/types.h>
| #endif
| #ifdef HAVE_SYS_STAT_H
| # include <sys/stat.h>
| #endif
| #ifdef STDC_HEADERS
| # include <stdlib.h>
| # include <stddef.h>
| #else
| # ifdef HAVE_STDLIB_H
| #  include <stdlib.h>
| # endif
| #endif
| #ifdef HAVE_STRING_H
| # if !defined STDC_HEADERS && defined HAVE_MEMORY_H
| #  include <memory.h>
| # endif
| # include <string.h>
| #endif
| #ifdef HAVE_STRINGS_H
| # include <strings.h>
| #endif
| #ifdef HAVE_INTTYPES_H
| # include <inttypes.h>
| #endif
| #ifdef HAVE_STDINT_H
| # include <stdint.h>
| #endif
| #ifdef HAVE_UNISTD_H
| # include <unistd.h>
| #endif
| int
| main ()
| {
| if (sizeof ((uintptr_t)))
| 	    return 0;
|   ;
|   return 0;
| }
configure:4710: result: yes
configure:4745: checking for off_t
configure:4745: gcc -c -g -O2  conftest.c >&5
configure:4745: $? = 0
configure:4745: gcc -c -g -O2  conftest.c >&5
conftest.c: In function 'main':
conftest.c:67:20: error: expected expression before ')' token
 if (sizeof ((off_t)))
                    ^
configure:4745: $? = 1
configure: failed program was:
| /* confdefs.h */
| #define PACKAGE_NAME "mcperf"
| #define PACKAGE_TARNAME "mcperf"
| #define PACKAGE_VERSION "0.1.1"
| #define PACKAGE_STRING "mcperf 0.1.1"
| #define PACKAGE_BUGREPORT "manj@twitter.com"
| #define PACKAGE_URL ""
| #define PACKAGE "mcperf"
| #define VERSION "0.1.1"
| #define MCP_VERSION_MAJOR 0
| #define MCP_VERSION_MINOR 1
| #define MCP_VERSION_PATCH 1
| #define MCP_VERSION_STRING "0.1.1"
| #define STDC_HEADERS 1
| #define HAVE_SYS_TYPES_H 1
| #define HAVE_SYS_STAT_H 1
| #define HAVE_STDLIB_H 1
| #define HAVE_STRING_H 1
| #define HAVE_MEMORY_H 1
| #define HAVE_STRINGS_H 1
| #define HAVE_INTTYPES_H 1
| #define HAVE_STDINT_H 1
| #define HAVE_UNISTD_H 1
| #define HAVE_LONG_LONG_INT 1
| #define HAVE_INTMAX_T 1
| #define HAVE_INTPTR_T 1
| #define HAVE_UNSIGNED_LONG_LONG_INT 1
| #define HAVE_UINTMAX_T 1
| #define HAVE_UINTPTR_T 1
| /* end confdefs.h.  */
| #include <stdio.h>
| #ifdef HAVE_SYS_TYPES_H
| # include <sys/types.h>
| #endif
| #ifdef HAVE_SYS_STAT_H
| # include <sys/stat.h>
| #endif
| #ifdef STDC_HEADERS
| # include <stdlib.h>
| # include <stddef.h>
| #else
| # ifdef HAVE_STDLIB_H
| #  include <stdlib.h>
| # endif
| #endif
| #ifdef HAVE_STRING_H
| # if !defined STDC_HEADERS && defined HAVE_MEMORY_H
| #  include <memory.h>
| # endif
| # include <string.h>
| #endif
| #ifdef HAVE_STRINGS_H
| # include <strings.h>
| #endif
| #ifdef HAVE_INTTYPES_H
| # include <inttypes.h>
| #endif
| #ifdef HAVE_STDINT_H
| # include <stdint.h>
| #endif
| #ifdef HAVE_UNISTD_H
| # include <unistd.h>
| #endif
| int
| main ()
| {
| if (sizeof ((off_t)))
| 	    return 0;
|   ;
|   return 0;
| }
configure:4745: result: yes
configure:4756: checking for pid_t
configure:4756: gcc -c -g -O2  conftest.c >&5
configure:4756: $? = 0
configure:4756: gcc -c -g -O2  conftest.c >&5
conftest.c: In function 'main':
conftest.c:67:20: error: expected expression before ')' token
 if (sizeof ((pid_t)))
                    ^
configure:4756: $? = 1
configure: failed program was:
| /* confdefs.h */
| #define PACKAGE_NAME "mcperf"
| #define PACKAGE_TARNAME "mcperf"
| #define PACKAGE_VERSION "0.1.1"
| #define PACKAGE_STRING "mcperf 0.1.1"
| #define PACKAGE_BUGREPORT "manj@twitter.com"
| #define PACKAGE_URL ""
| #define PACKAGE "mcperf"
| #define VERSION "0.1.1"
| #define MCP_VERSION_MAJOR 0
| #define MCP_VERSION_MINOR 1
| #define MCP_VERSION_PATCH 1
| #define MCP_VERSION_STRING "0.1.1"
| #define STDC_HEADERS 1
| #define HAVE_SYS_TYPES_H 1
| #define HAVE_SYS_STAT_H 1
| #define HAVE_STDLIB_H 1
| #define HAVE_STRING_H 1
| #define HAVE_MEMORY_H 1
| #define HAVE_STRINGS_H 1
| #define HAVE_INTTYPES_H 1
| #define HAVE_STDINT_H 1
| #define HAVE_UNISTD_H 1
| #define HAVE_LONG_LONG_INT 1
| #define HAVE_INTMAX_T 1
| #define HAVE_INTPTR_T 1
| #define HAVE_UNSIGNED_LONG_LONG_INT 1
| #define HAVE_UINTMAX_T 1
| #define HAVE_UINTPTR_T 1
| /* end confdefs.h.  */
| #include <stdio.h>
| #ifdef HAVE_SYS_TYPES_H
| # include <sys/types.h>
| #endif
| #ifdef HAVE_SYS_STAT_H
| # include <sys/stat.h>
| #endif
| #ifdef STDC_HEADERS
| # include <stdlib.h>
| # include <stddef.h>
| #else
| # ifdef HAVE_STDLIB_H
| #  include <stdlib.h>
| # endif
| #endif
| #ifdef HAVE_STRING_H
| # if !defined STDC_HEADERS && defined HAVE_MEMORY_H
| #  include <memory.h>
| # endif
| # include <string.h>
| #endif
| #ifdef HAVE_STRINGS_H
| # include <strings.h>
| #endif
| #ifdef HAVE_INTTYPES_H
| # include <inttypes.h>
| #endif
| #ifdef HAVE_STDINT_H
| # include <stdint.h>
| #endif
| #ifdef HAVE_UNISTD_H
| # include <unistd.h>
| #endif
| int
| main ()
| {
| if (sizeof ((pid_t)))
| 	    return 0;
|   ;
|   return 0;
| }
configure:4756: result: yes
configure:4767: checking for size_t
configure:4767: gcc -c -g -O2  conftest.c >&5
configure:4767: $? = 0
configure:4767: gcc -c -g -O2  conftest.c >&5
conftest.c: In function 'main':
conftest.c:67:21: error: expected expression before ')' token
 if (sizeof ((size_t)))
                     ^
configure:4767: $? = 1
configure: failed program was:
| /* confdefs.h */
| #define PACKAGE_NAME "mcperf"
| #define PACKAGE_TARNAME "mcperf"
| #define PACKAGE_VERSION "0.1.1"
| #define PACKAGE_STRING "mcperf 0.1.1"
| #define PACKAGE_BUGREPORT "manj@twitter.com"
| #define PACKAGE_URL ""
| #define PACKAGE "mcperf"
| #define VERSION "0.1.1"
| #define MCP_VERSION_MAJOR 0
| #define MCP_VERSION_MINOR 1
| #define MCP_VERSION_PATCH 1
| #define MCP_VERSION_STRING "0.1.1"
| #define STDC_HEADERS 1
| #define HAVE_SYS_TYPES_H 1
| #define HAVE_SYS_STAT_H 1
| #define HAVE_STDLIB_H 1
| #define HAVE_STRING_H 1
| #define HAVE_MEMORY_H 1
| #define HAVE_STRINGS_H 1
| #define HAVE_INTTYPES_H 1
| #define HAVE_STDINT_H 1
| #define HAVE_UNISTD_H 1
| #define HAVE_LONG_LONG_INT 1
| #define HAVE_INTMAX_T 1
| #define HAVE_INTPTR_T 1
| #define HAVE_UNSIGNED_LONG_LONG_INT 1
| #define HAVE_UINTMAX_T 1
| #define HAVE_UINTPTR_T 1
| /* end confdefs.h.  */
| #include <stdio.h>
| #ifdef HAVE_SYS_TYPES_H
| # include <sys/types.h>
| #endif
| #ifdef HAVE_SYS_STAT_H
| # include <sys/stat.h>
| #endif
| #ifdef STDC_HEADERS
| # include <stdlib.h>
| # include <stddef.h>
| #else
| # ifdef HAVE_STDLIB_H
| #  include <stdlib.h>
| # endif
| #endif
| #ifdef HAVE_STRING_H
| # if !defined STDC_HEADERS && defined HAVE_MEMORY_H
| #  include <memory.h>
| # endif
| # include <string.h>
| #endif
| #ifdef HAVE_STRINGS_H
| # include <strings.h>
| #endif
| #ifdef HAVE_INTTYPES_H
| # include <inttypes.h>
| #endif
| #ifdef HAVE_STDINT_H
| # include <stdint.h>
| #endif
| #ifdef HAVE_UNISTD_H
| # include <unistd.h>
| #endif
| int
| main ()
| {
| if (sizeof ((size_t)))
| 	    return 0;
|   ;
|   return 0;
| }
configure:4767: result: yes
configure:4778: checking for ssize_t
configure:4778: gcc -c -g -O2  conftest.c >&5
configure:4778: $? = 0
configure:4778: gcc -c -g -O2  conftest.c >&5
conftest.c: In function 'main':
conftest.c:67:22: error: expected expression before ')' token
 if (sizeof ((ssize_t)))
                      ^
configure:4778: $? = 1
configure: failed program was:
| /* confdefs.h */
| #define PACKAGE_NAME "mcperf"
| #define PACKAGE_TARNAME "mcperf"
| #define PACKAGE_VERSION "0.1.1"
| #define PACKAGE_STRING "mcperf 0.1.1"
| #define PACKAGE_BUGREPORT "manj@twitter.com"
| #define PACKAGE_URL ""
| #define PACKAGE "mcperf"
| #define VERSION "0.1.1"
| #define MCP_VERSION_MAJOR 0
| #define MCP_VERSION_MINOR 1
| #define MCP_VERSION_PATCH 1
| #define MCP_VERSION_STRING "0.1.1"
| #define STDC_HEADERS 1
| #define HAVE_SYS_TYPES_H 1
| #define HAVE_SYS_STAT_H 1
| #define HAVE_STDLIB_H 1
| #define HAVE_STRING_H 1
| #define HAVE_MEMORY_H 1
| #define HAVE_STRINGS_H 1
| #define HAVE_INTTYPES_H 1
| #define HAVE_STDINT_H 1
| #define HAVE_UNISTD_H 1
| #define HAVE_LONG_LONG_INT 1
| #define HAVE_INTMAX_T 1
| #define HAVE_INTPTR_T 1
| #define HAVE_UNSIGNED_LONG_LONG_INT 1
| #define HAVE_UINTMAX_T 1
| #define HAVE_UINTPTR_T 1
| /* end confdefs.h.  */
| #include <stdio.h>
| #ifdef HAVE_SYS_TYPES_H
| # include <sys/types.h>
| #endif
| #ifdef HAVE_SYS_STAT_H
| # include <sys/stat.h>
| #endif
| #ifdef STDC_HEADERS
| # include <stdlib.h>
| # include <stddef.h>
| #else
| # ifdef HAVE_STDLIB_H
| #  include <stdlib.h>
| # endif
| #endif
| #ifdef HAVE_STRING_H
| # if !defined STDC_HEADERS && defined HAVE_MEMORY_H
| #  include <memory.h>
| # endif
| # include <string.h>
| #endif
| #ifdef HAVE_STRINGS_H
| # include <strings.h>
| #endif
| #ifdef HAVE_INTTYPES_H
| # include <inttypes.h>
| #endif
| #ifdef HAVE_STDINT_H
| # include <stdint.h>
| #endif
| #ifdef HAVE_UNISTD_H
| # include <unistd.h>
| #endif
| int
| main ()
| {
| if (sizeof ((ssize_t)))
| 	    return 0;
|   ;
|   return 0;
| }
configure:4778: result: yes
configure:4791: checking for stdbool.h that conforms to C99
configure:4876: gcc -c -g -O2  conftest.c >&5
configure:4876: $? = 0
configure:4883: result: yes
configure:4885: checking for _Bool
configure:4885: gcc -c -g -O2  conftest.c >&5
configure:4885: $? = 0
configure:4885: gcc -c -g -O2  conftest.c >&5
conftest.c: In function 'main':
conftest.c:67:20: error: expected expression before ')' token
 if (sizeof ((_Bool)))
                    ^
configure:4885: $? = 1
configure: failed program was:
| /* confdefs.h */
| #define PACKAGE_NAME "mcperf"
| #define PACKAGE_TARNAME "mcperf"
| #define PACKAGE_VERSION "0.1.1"
| #define PACKAGE_STRING "mcperf 0.1.1"
| #define PACKAGE_BUGREPORT "manj@twitter.com"
| #define PACKAGE_URL ""
| #define PACKAGE "mcperf"
| #define VERSION "0.1.1"
| #define MCP_VERSION_MAJOR 0
| #define MCP_VERSION_MINOR 1
| #define MCP_VERSION_PATCH 1
| #define MCP_VERSION_STRING "0.1.1"
| #define STDC_HEADERS 1
| #define HAVE_SYS_TYPES_H 1
| #define HAVE_SYS_STAT_H 1
| #define HAVE_STDLIB_H 1
| #define HAVE_STRING_H 1
| #define HAVE_MEMORY_H 1
| #define HAVE_STRINGS_H 1
| #define HAVE_INTTYPES_H 1
| #define HAVE_STDINT_H 1
| #define HAVE_UNISTD_H 1
| #define HAVE_LONG_LONG_INT 1
| #define HAVE_INTMAX_T 1
| #define HAVE_INTPTR_T 1
| #define HAVE_UNSIGNED_LONG_LONG_INT 1
| #define HAVE_UINTMAX_T 1
| #define HAVE_UINTPTR_T 1
| /* end confdefs.h.  */
| #include <stdio.h>
| #ifdef HAVE_SYS_TYPES_H
| # include <sys/types.h>
| #endif
| #ifdef HAVE_SYS_STAT_H
| # include <sys/stat.h>
| #endif
| #ifdef STDC_HEADERS
| # include <stdlib.h>
| # include <stddef.h>
| #else
| # ifdef HAVE_STDLIB_H
| #  include <stdlib.h>
| # endif
| #endif
| #ifdef HAVE_STRING_H
| # if !defined STDC_HEADERS && defined HAVE_MEMORY_H
| #  include <memory.h>
| # endif
| # include <string.h>
| #endif
| #ifdef HAVE_STRINGS_H
| # include <strings.h>
| #endif
| #ifdef HAVE_INTTYPES_H
| # include <inttypes.h>
| #endif
| #ifdef HAVE_STDINT_H
| # include <stdint.h>
| #endif
| #ifdef HAVE_UNISTD_H
| # include <unistd.h>
| #endif
| int
| main ()
| {
| if (sizeof ((_Bool)))
| 	    return 0;
|   ;
|   return 0;
| }
configure:4885: result: yes
configure:4904: checking fcntl.h usability
configure:4904: gcc -c -g -O2  conftest.c >&5
configure:4904: $? = 0
configure:4904: result: yes
configure:4904: checking fcntl.h presence
configure:4904: gcc -E  conftest.c
configure:4904: $? = 0
configure:4904: result: yes
configure:4904: checking for fcntl.h
configure:4904: result: yes
configure:4904: checking float.h usability
configure:4904: gcc -c -g -O2  conftest.c >&5
configure:4904: $? = 0
configure:4904: result: yes
configure:4904: checking float.h presence
configure:4904: gcc -E  conftest.c
configure:4904: $? = 0
configure:4904: result: yes
configure:4904: checking for float.h
configure:4904: result: yes
configure:4904: checking stddef.h usability
configure:4904: gcc -c -g -O2  conftest.c >&5
configure:4904: $? = 0
configure:4904: result: yes
configure:4904: checking stddef.h presence
configure:4904: gcc -E  conftest.c
configure:4904: $? = 0
configure:4904: result: yes
configure:4904: checking for stddef.h
configure:4904: result: yes
configure:4904: checking for stdlib.h
configure:4904: result: yes
configure:4904: checking for string.h
configure:4904: result: yes
configure:4904: checking for unistd.h
configure:4904: result: yes
configure:4918: checking for inttypes.h
configure:4918: result: yes
configure:4918: checking for stdint.h
configure:4918: result: yes
configure:4932: checking sys/ioctl.h usability
configure:4932: gcc -c -g -O2  conftest.c >&5
configure:4932: $? = 0
configure:4932: result: yes
configure:4932: checking sys/ioctl.h presence
configure:4932: gcc -E  conftest.c
configure:4932: $? = 0
configure:4932: result: yes
configure:4932: checking for sys/ioctl.h
configure:4932: result: yes
configure:4932: checking sys/time.h usability
configure:4932: gcc -c -g -O2  conftest.c >&5
configure:4932: $? = 0
configure:4932: result: yes
configure:4932: checking sys/time.h presence
configure:4932: gcc -E  conftest.c
configure:4932: $? = 0
configure:4932: result: yes
configure:4932: checking for sys/time.h
configure:4932: result: yes
configure:4932: checking sys/uio.h usability
configure:4932: gcc -c -g -O2  conftest.c >&5
configure:4932: $? = 0
configure:4932: result: yes
configure:4932: checking sys/uio.h presence
configure:4932: gcc -E  conftest.c
configure:4932: $? = 0
configure:4932: result: yes
configure:4932: checking for sys/uio.h
configure:4932: result: yes
configure:4946: checking sys/socket.h usability
configure:4946: gcc -c -g -O2  conftest.c >&5
configure:4946: $? = 0
configure:4946: result: yes
configure:4946: checking sys/socket.h presence
configure:4946: gcc -E  conftest.c
configure:4946: $? = 0
configure:4946: result: yes
configure:4946: checking for sys/socket.h
configure:4946: result: yes
configure:4946: checking sys/un.h usability
configure:4946: gcc -c -g -O2  conftest.c >&5
configure:4946: $? = 0
configure:4946: result: yes
configure:4946: checking sys/un.h presence
configure:4946: gcc -E  conftest.c
configure:4946: $? = 0
configure:4946: result: yes
configure:4946: checking for sys/un.h
configure:4946: result: yes
configure:4946: checking netinet/in.h usability
configure:4946: gcc -c -g -O2  conftest.c >&5
configure:4946: $? = 0
configure:4946: result: yes
configure:4946: checking netinet/in.h presence
configure:4946: gcc -E  conftest.c
configure:4946: $? = 0
configure:4946: result: yes
configure:4946: checking for netinet/in.h
configure:4946: result: yes
configure:4946: checking arpa/inet.h usability
configure:4946: gcc -c -g -O2  conftest.c >&5
configure:4946: $? = 0
configure:4946: result: yes
configure:4946: checking arpa/inet.h presence
configure:4946: gcc -E  conftest.c
configure:4946: $? = 0
configure:4946: result: yes
configure:4946: checking for arpa/inet.h
configure:4946: result: yes
configure:4946: checking netdb.h usability
configure:4946: gcc -c -g -O2  conftest.c >&5
configure:4946: $? = 0
configure:4946: result: yes
configure:4946: checking netdb.h presence
configure:4946: gcc -E  conftest.c
configure:4946: $? = 0
configure:4946: result: yes
configure:4946: checking for netdb.h
configure:4946: result: yes
configure:4959: checking sys/epoll.h usability
configure:4959: gcc -c -g -O2  conftest.c >&5
configure:4959: $? = 0
configure:4959: result: yes
configure:4959: checking sys/epoll.h presence
configure:4959: gcc -E  conftest.c
configure:4959: $? = 0
configure:4959: result: yes
configure:4959: checking for sys/epoll.h
configure:4959: result: yes
configure:4975: checking for stdlib.h
configure:4975: result: yes
configure:4985: checking for GNU libc compatible malloc
configure:5009: gcc -o conftest -g -O2   conftest.c  >&5
configure:5009: $? = 0
configure:5009: ./conftest
configure:5009: $? = 0
configure:5019: result: yes
configure:5042: checking for stdlib.h
configure:5042: result: yes
configure:5052: checking for GNU libc compatible realloc
configure:5076: gcc -o conftest -g -O2   conftest.c  >&5
configure:5076: $? = 0
configure:5076: ./conftest
configure:5076: $? = 0
configure:5086: result: yes
configure:5107: checking for working strtod
configure:5148: gcc -o conftest -g -O2   conftest.c  >&5
configure:5148: $? = 0
configure:5148: ./conftest
configure:5148: $? = 0
configure:5158: result: yes
configure:5223: checking for gettimeofday
configure:5223: gcc -o conftest -g -O2   conftest.c  >&5
configure:5223: $? = 0
configure:5223: result: yes
configure:5223: checking for memchr
configure:5223: gcc -o conftest -g -O2   conftest.c  >&5
conftest.c:78:6: warning: conflicting types for built-in function 'memchr' [-Wbuiltin-declaration-mismatch]
 char memchr ();
      ^~~~~~
configure:5223: $? = 0
configure:5223: result: yes
configure:5223: checking for memmove
configure:5223: gcc -o conftest -g -O2   conftest.c  >&5
conftest.c:79:6: warning: conflicting types for built-in function 'memmove' [-Wbuiltin-declaration-mismatch]
 char memmove ();
      ^~~~~~~
configure:5223: $? = 0
configure:5223: result: yes
configure:5223: checking for memset
configure:5223: gcc -o conftest -g -O2   conftest.c  >&5
conftest.c:80:6: warning: conflicting types for built-in function 'memset' [-Wbuiltin-declaration-mismatch]
 char memset ();
      ^~~~~~
configure:5223: $? = 0
configure:5223: result: yes
configure:5223: checking for socket
configure:5223: gcc -o conftest -g -O2   conftest.c  >&5
configure:5223: $? = 0
configure:5223: result: yes
configure:5223: checking for strchr
configure:5223: gcc -o conftest -g -O2   conftest.c  >&5
conftest.c:82:6: warning: conflicting types for built-in function 'strchr' [-Wbuiltin-declaration-mismatch]
 char strchr ();
      ^~~~~~
configure:5223: $? = 0
configure:5223: result: yes
configure:5223: checking for strerror
configure:5223: gcc -o conftest -g -O2   conftest.c  >&5
configure:5223: $? = 0
configure:5223: result: yes
configure:5223: checking for strndup
configure:5223: gcc -o conftest -g -O2   conftest.c  >&5
conftest.c:84:6: warning: conflicting types for built-in function 'strndup' [-Wbuiltin-declaration-mismatch]
 char strndup ();
      ^~~~~~~
configure:5223: $? = 0
configure:5223: result: yes
configure:5223: checking for strtoul
configure:5223: gcc -o conftest -g -O2   conftest.c  >&5
configure:5223: $? = 0
configure:5223: result: yes
configure:5234: checking if epoll works
configure:5265: gcc -o conftest -g -O2   conftest.c  >&5
configure:5265: $? = 0
configure:5265: ./conftest
configure:5265: $? = 0
configure:5275: result: yes
configure:5287: checking for pow in -lm
configure:5312: gcc -o conftest -g -O2   conftest.c -lm   >&5
conftest.c:70:6: warning: conflicting types for built-in function 'pow' [-Wbuiltin-declaration-mismatch]
 char pow ();
      ^~~
configure:5312: $? = 0
configure:5321: result: yes
configure:5334: checking whether to enable debug logs and asserts
configure:5360: result: no
configure:5486: creating ./config.status

## ---------------------- ##
## Running config.status. ##
## ---------------------- ##

This file was extended by mcperf config.status 0.1.1, which was
generated by GNU Autoconf 2.64.  Invocation command line was

  CONFIG_FILES    = 
  CONFIG_HEADERS  = 
  CONFIG_LINKS    = 
  CONFIG_COMMANDS = 
  $ ./config.status 

on sense-dhcp-4.dmst.aueb.gr

config.status:895: creating Makefile
config.status:895: creating src/Makefile
config.status:895: creating src/gen/Makefile
config.status:895: creating src/stats/Makefile
config.status:895: creating config.h
config.status:1067: config.h is unchanged
config.status:1115: executing depfiles commands

## ---------------- ##
## Cache variables. ##
## ---------------- ##

ac_cv_c_compiler_gnu=yes
ac_cv_c_inline=inline
ac_cv_c_int16_t=yes
ac_cv_c_int32_t=yes
ac_cv_c_int64_t=yes
ac_cv_c_int8_t=yes
ac_cv_c_uint16_t=yes
ac_cv_c_uint32_t=yes
ac_cv_c_uint64_t=yes
ac_cv_c_uint8_t=yes
ac_cv_env_CC_set=
ac_cv_env_CC_value=
ac_cv_env_CFLAGS_set=
ac_cv_env_CFLAGS_value=
ac_cv_env_CPPFLAGS_set=
ac_cv_env_CPPFLAGS_value=
ac_cv_env_CPP_set=
ac_cv_env_CPP_value=
ac_cv_env_LDFLAGS_set=
ac_cv_env_LDFLAGS_value=
ac_cv_env_LIBS_set=
ac_cv_env_LIBS_value=
ac_cv_env_build_alias_set=
ac_cv_env_build_alias_value=
ac_cv_env_host_alias_set=
ac_cv_env_host_alias_value=
ac_cv_env_target_alias_set=
ac_cv_env_target_alias_value=
ac_cv_epoll_works=yes
ac_cv_func_gettimeofday=yes
ac_cv_func_malloc_0_nonnull=yes
ac_cv_func_memchr=yes
ac_cv_func_memmove=yes
ac_cv_func_memset=yes
ac_cv_func_realloc_0_nonnull=yes
ac_cv_func_socket=yes
ac_cv_func_strchr=yes
ac_cv_func_strerror=yes
ac_cv_func_strndup=yes
ac_cv_func_strtod=yes
ac_cv_func_strtoul=yes
ac_cv_header_arpa_inet_h=yes
ac_cv_header_fcntl_h=yes
ac_cv_header_float_h=yes
ac_cv_header_inttypes_h=yes
ac_cv_header_memory_h=yes
ac_cv_header_netdb_h=yes
ac_cv_header_netinet_in_h=yes
ac_cv_header_stdbool_h=yes
ac_cv_header_stdc=yes
ac_cv_header_stddef_h=yes
ac_cv_header_stdint_h=yes
ac_cv_header_stdlib_h=yes
ac_cv_header_string_h=yes
ac_cv_header_strings_h=yes
ac_cv_header_sys_epoll_h=yes
ac_cv_header_sys_ioctl_h=yes
ac_cv_header_sys_socket_h=yes
ac_cv_header_sys_stat_h=yes
ac_cv_header_sys_time_h=yes
ac_cv_header_sys_types_h=yes
ac_cv_header_sys_uio_h=yes
ac_cv_header_sys_un_h=yes
ac_cv_header_unistd_h=yes
ac_cv_lib_m_pow=yes
ac_cv_objext=o
ac_cv_path_EGREP='/usr/bin/grep -E'
ac_cv_path_GREP=/usr/bin/grep
ac_cv_path_install='/usr/bin/install -c'
ac_cv_path_mkdir=/usr/bin/mkdir
ac_cv_prog_AWK=gawk
ac_cv_prog_CPP='gcc -E'
ac_cv_prog_ac_ct_CC=gcc
ac_cv_prog_ac_ct_RANLIB=ranlib
ac_cv_prog_cc_c89=
ac_cv_prog_cc_g=yes
ac_cv_prog_make_make_set=yes
ac_cv_type__Bool=yes
ac_cv_type_intmax_t=yes
ac_cv_type_intptr_t=yes
ac_cv_type_long_long_int=yes
ac_cv_type_off_t=yes
ac_cv_type_pid_t=yes
ac_cv_type_size_t=yes
ac_cv_type_ssize_t=yes
ac_cv_type_uintmax_t=yes
ac_cv_type_uintptr_t=yes
ac_cv_type_unsigned_long_long_int=yes
am_cv_CC_dependencies_compiler_type=gcc3

## ----------------- ##
## Output variables. ##
## ----------------- ##

ACLOCAL='${SHELL} /home/sgeorgiou/GitHub/efficient_computering_in_safe_environments/mitigations/mcperf/config/missing --run aclocal-1.11'
AMDEPBACKSLASH='\'
AMDEP_FALSE='#'
AMDEP_TRUE=''
AMTAR='${SHELL} /home/sgeorgiou/GitHub/efficient_computering_in_safe_environments/mitigations/mcperf/config/missing --run tar'
AUTOCONF='${SHELL} /home/sgeorgiou/GitHub/efficient_computering_in_safe_environments/mitigations/mcperf/config/missing --run autoconf'
AUTOHEADER='${SHELL} /home/sgeorgiou/GitHub/efficient_computering_in_safe_environments/mitigations/mcperf/config/missing --run autoheader'
AUTOMAKE='${SHELL} /home/sgeorgiou/GitHub/efficient_computering_in_safe_environments/mitigations/mcperf/config/missing --run automake-1.11'
AWK='gawk'
CC='gcc'
CCDEPMODE='depmode=gcc3'
CFLAGS='-g -O2'
CPP='gcc -E'
CPPFLAGS=''
CYGPATH_W='echo'
DEFS='-DHAVE_CONFIG_H'
DEPDIR='.deps'
ECHO_C=''
ECHO_N='-n'
ECHO_T=''
EGREP='/usr/bin/grep -E'
EXEEXT=''
GREP='/usr/bin/grep'
INSTALL_DATA='${INSTALL} -m 644'
INSTALL_PROGRAM='${INSTALL}'
INSTALL_SCRIPT='${INSTALL}'
INSTALL_STRIP_PROGRAM='$(install_sh) -c -s'
LDFLAGS=''
LIBOBJS=''
LIBS='-lm '
LN_S='ln -s'
LTLIBOBJS=''
MAKEINFO='${SHELL} /home/sgeorgiou/GitHub/efficient_computering_in_safe_environments/mitigations/mcperf/config/missing --run makeinfo'
MKDIR_P='/usr/bin/mkdir -p'
OBJEXT='o'
PACKAGE='mcperf'
PACKAGE_BUGREPORT='manj@twitter.com'
PACKAGE_NAME='mcperf'
PACKAGE_STRING='mcperf 0.1.1'
PACKAGE_TARNAME='mcperf'
PACKAGE_URL=''
PACKAGE_VERSION='0.1.1'
PATH_SEPARATOR=':'
POW_LIB=''
RANLIB='ranlib'
SET_MAKE=''
SHELL='/bin/sh'
STRIP=''
VERSION='0.1.1'
ac_ct_CC='gcc'
am__EXEEXT_FALSE=''
am__EXEEXT_TRUE='#'
am__fastdepCC_FALSE='#'
am__fastdepCC_TRUE=''
am__include='include'
am__isrc=''
am__leading_dot='.'
am__quote=''
am__tar='${AMTAR} chof - "$$tardir"'
am__untar='${AMTAR} xf -'
bindir='${exec_prefix}/bin'
build_alias=''
datadir='${datarootdir}'
datarootdir='${prefix}/share'
docdir='${datarootdir}/doc/${PACKAGE_TARNAME}'
dvidir='${docdir}'
exec_prefix='${prefix}'
host_alias=''
htmldir='${docdir}'
includedir='${prefix}/include'
infodir='${datarootdir}/info'
install_sh='${SHELL} /home/sgeorgiou/GitHub/efficient_computering_in_safe_environments/mitigations/mcperf/config/install-sh'
libdir='${exec_prefix}/lib'
libexecdir='${exec_prefix}/libexec'
localedir='${datarootdir}/locale'
localstatedir='${prefix}/var'
mandir='${datarootdir}/man'
mkdir_p='/usr/bin/mkdir -p'
oldincludedir='/usr/include'
pdfdir='${docdir}'
prefix='/usr/local'
program_transform_name='s,x,x,'
psdir='${docdir}'
sbindir='${exec_prefix}/sbin'
sharedstatedir='${prefix}/com'
sysconfdir='${prefix}/etc'
target_alias=''

## ----------- ##
## confdefs.h. ##
## ----------- ##

/* confdefs.h */
#define PACKAGE_NAME "mcperf"
#define PACKAGE_TARNAME "mcperf"
#define PACKAGE_VERSION "0.1.1"
#define PACKAGE_STRING "mcperf 0.1.1"
#define PACKAGE_BUGREPORT "manj@twitter.com"
#define PACKAGE_URL ""
#define PACKAGE "mcperf"
#define VERSION "0.1.1"
#define MCP_VERSION_MAJOR 0
#define MCP_VERSION_MINOR 1
#define MCP_VERSION_PATCH 1
#define MCP_VERSION_STRING "0.1.1"
#define STDC_HEADERS 1
#define HAVE_SYS_TYPES_H 1
#define HAVE_SYS_STAT_H 1
#define HAVE_STDLIB_H 1
#define HAVE_STRING_H 1
#define HAVE_MEMORY_H 1
#define HAVE_STRINGS_H 1
#define HAVE_INTTYPES_H 1
#define HAVE_STDINT_H 1
#define HAVE_UNISTD_H 1
#define HAVE_LONG_LONG_INT 1
#define HAVE_INTMAX_T 1
#define HAVE_INTPTR_T 1
#define HAVE_UNSIGNED_LONG_LONG_INT 1
#define HAVE_UINTMAX_T 1
#define HAVE_UINTPTR_T 1
#define HAVE__BOOL 1
#define HAVE_STDBOOL_H 1
#define HAVE_FCNTL_H 1
#define HAVE_FLOAT_H 1
#define HAVE_STDDEF_H 1
#define HAVE_STDLIB_H 1
#define HAVE_STRING_H 1
#define HAVE_UNISTD_H 1
#define HAVE_INTTYPES_H 1
#define HAVE_STDINT_H 1
#define HAVE_SYS_IOCTL_H 1
#define HAVE_SYS_TIME_H 1
#define HAVE_SYS_UIO_H 1
#define HAVE_SYS_SOCKET_H 1
#define HAVE_SYS_UN_H 1
#define HAVE_NETINET_IN_H 1
#define HAVE_ARPA_INET_H 1
#define HAVE_NETDB_H 1
#define HAVE_SYS_EPOLL_H 1
#define HAVE_STDLIB_H 1
#define HAVE_MALLOC 1
#define HAVE_STDLIB_H 1
#define HAVE_REALLOC 1
#define HAVE_GETTIMEOFDAY 1
#define HAVE_MEMCHR 1
#define HAVE_MEMMOVE 1
#define HAVE_MEMSET 1
#define HAVE_SOCKET 1
#define HAVE_STRCHR 1
#define HAVE_STRERROR 1
#define HAVE_STRNDUP 1
#define HAVE_STRTOUL 1
#define HAVE_LIBM 1

configure: exit 0
